<?xml version="1.0" encoding="UTF-8"?>
<!-- Generated by org.testng.reporters.JUnitReportReporter -->
<testsuite name="com.hrm.scripts.VerifyLoginLogout" tests="1" time="14.875" ignored="4" failures="0" timestamp="10 Feb 2017 11:53:05 GMT" skipped="0" hostname="VAIO" errors="0">
  <testcase name="testLoginLogout" time="14.875" classname="com.hrm.scripts.VerifyLoginLogout"/>
  <testcase name="initBrowser" classname="com.hrm.common.BaseTest">
    <skipped/>
  </testcase> <!-- initBrowser -->
  <testcase name="initFrameWork" classname="com.hrm.common.BaseTest">
    <skipped/>
  </testcase> <!-- initFrameWork -->
  <testcase name="closeBrowser" classname="com.hrm.common.BaseTest">
    <skipped/>
  </testcase> <!-- closeBrowser -->
  <testcase name="closeFrameWork" classname="com.hrm.common.BaseTest">
    <skipped/>
  </testcase> <!-- closeFrameWork -->
</testsuite> <!-- com.hrm.scripts.VerifyLoginLogout -->
