<?xml version="1.0" encoding="UTF-8"?>
<!-- Generated by org.testng.reporters.JUnitReportReporter -->
<testsuite hostname="Sushma" name="com.hrm.scripts.LoginScenario" tests="1" failures="0" timestamp="15 Jan 2017 17:34:48 GMT" time="0.040" errors="0">
  <testcase name="testLoginScenario" time="0.040" classname="com.hrm.scripts.LoginScenario"/>
</testsuite> <!-- com.hrm.scripts.LoginScenario -->
