<?xml version="1.0" encoding="UTF-8"?>
<!-- Generated by org.testng.reporters.JUnitReportReporter -->
<testsuite name="com.hrm.scripts.ExplicitLoginScenario" tests="1" time="0.055" ignored="4" failures="0" timestamp="06 Feb 2017 17:31:56 GMT" skipped="0" hostname="VAIO" errors="0">
  <testcase name="testLoginScenario" time="0.055" classname="com.hrm.scripts.ExplicitLoginScenario"/>
  <testcase name="initBrowser" classname="com.hrm.common.BaseTest">
    <skipped/>
  </testcase> <!-- initBrowser -->
  <testcase name="initFrameWork" classname="com.hrm.common.BaseTest">
    <skipped/>
  </testcase> <!-- initFrameWork -->
  <testcase name="closeBrowser" classname="com.hrm.common.BaseTest">
    <skipped/>
  </testcase> <!-- closeBrowser -->
  <testcase name="closeFrameWork" classname="com.hrm.common.BaseTest">
    <skipped/>
  </testcase> <!-- closeFrameWork -->
</testsuite> <!-- com.hrm.scripts.ExplicitLoginScenario -->
